# JRE version: Java(TM) SE Runtime Environment (24.0.2+12) (build 24.0.2+12-54)
# Java VM: Java HotSpot(TM) 64-Bit Server VM (24.0.2+12-54, mixed mode, sharing, tiered, compressed oops, compressed class ptrs, g1 gc, windows-amd64)
GC Precious Log:
 CardTable entry size: 512
 Card Set container configuration: InlinePtr #cards 4 size 8 Array Of Cards #cards 32 size 80 Howl #buckets 8 coarsen threshold 7372 Howl Bitmap #cards 1024 size 144 coarsen threshold 921 Card regions per heap region 1 cards per card region 8192
 CPUs: 20 total, 20 available
 Memory: 32557M
 Large Page Support: Disabled
 NUMA Support: Disabled
 Compressed Oops: Enabled (Zero based)
 Heap Region Size: 4M
 Heap Min Capacity: 8M
 Heap Initial Capacity: 512M
 Heap Max Capacity: 8140M
 Pre-touch: Disabled
 Parallel Workers: 15
 Concurrent Workers: 4
 Concurrent Refinement Workers: 15
 Periodic GC: Disabled
Heap:
 garbage-first heap   total reserved 8335360K, committed 483328K, used 153535K [0x0000000603400000, 0x0000000800000000)
  region size 4096K, 2 young (8192K), 1 survivors (4096K)
 Metaspace       used 22454K, committed 22720K, reserved 1114112K
  class space    used 2131K, committed 2240K, reserved 1048576K
GC Heap History (10 events):
Event: 0.433 GC heap before
{Heap before GC invocations=0 (full 0):
 garbage-first heap   total reserved 8335360K, committed 528384K, used 50292K [0x0000000603400000, 0x0000000800000000)
  region size 4096K, 12 young (49152K), 0 survivors (0K)
 Metaspace       used 8975K, committed 9152K, reserved 1114112K
  class space    used 788K, committed 896K, reserved 1048576K
}
Event: 0.435 GC heap after
{Heap after GC invocations=1 (full 0):
 garbage-first heap   total reserved 8335360K, committed 528384K, used 5356K [0x0000000603400000, 0x0000000800000000)
  region size 4096K, 2 young (8192K), 2 survivors (8192K)
 Metaspace       used 8975K, committed 9152K, reserved 1114112K
  class space    used 788K, committed 896K, reserved 1048576K
}
Event: 1.714 GC heap before
{Heap before GC invocations=1 (full 0):
 garbage-first heap   total reserved 8335360K, committed 528384K, used 226540K [0x0000000603400000, 0x0000000800000000)
  region size 4096K, 56 young (229376K), 2 survivors (8192K)
 Metaspace       used 19659K, committed 19968K, reserved 1114112K
  class space    used 1787K, committed 1920K, reserved 1048576K
}
Event: 1.719 GC heap after
{Heap after GC invocations=2 (full 0):
 garbage-first heap   total reserved 8335360K, committed 528384K, used 17844K [0x0000000603400000, 0x0000000800000000)
  region size 4096K, 5 young (20480K), 5 survivors (20480K)
 Metaspace       used 19659K, committed 19968K, reserved 1114112K
  class space    used 1787K, committed 1920K, reserved 1048576K
}
Event: 1.809 GC heap before
{Heap before GC invocations=2 (full 0):
 garbage-first heap   total reserved 8335360K, committed 528384K, used 30132K [0x0000000603400000, 0x0000000800000000)
  region size 4096K, 9 young (36864K), 5 survivors (20480K)
 Metaspace       used 21196K, committed 21504K, reserved 1114112K
  class space    used 2013K, committed 2176K, reserved 1048576K
}
Event: 1.813 GC heap after
{Heap after GC invocations=3 (full 0):
 garbage-first heap   total reserved 8335360K, committed 528384K, used 18900K [0x0000000603400000, 0x0000000800000000)
  region size 4096K, 5 young (20480K), 5 survivors (20480K)
 Metaspace       used 21196K, committed 21504K, reserved 1114112K
  class space    used 2013K, committed 2176K, reserved 1048576K
}
Event: 2.031 GC heap before
{Heap before GC invocations=4 (full 0):
 garbage-first heap   total reserved 8335360K, committed 81920K, used 72148K [0x0000000603400000, 0x0000000800000000)
  region size 4096K, 19 young (77824K), 5 survivors (20480K)
 Metaspace       used 22456K, committed 22720K, reserved 1114112K
  class space    used 2131K, committed 2240K, reserved 1048576K
}
Event: 2.036 GC heap after
{Heap after GC invocations=5 (full 0):
 garbage-first heap   total reserved 8335360K, committed 106496K, used 54388K [0x0000000603400000, 0x0000000800000000)
  region size 4096K, 6 young (24576K), 6 survivors (24576K)
 Metaspace       used 22456K, committed 22720K, reserved 1114112K
  class space    used 2131K, committed 2240K, reserved 1048576K
}
Event: 2.038 GC heap before
{Heap before GC invocations=5 (full 0):
 garbage-first heap   total reserved 8335360K, committed 106496K, used 66676K [0x0000000603400000, 0x0000000800000000)
  region size 4096K, 10 young (40960K), 6 survivors (24576K)
 Metaspace       used 22456K, committed 22720K, reserved 1114112K
  class space    used 2131K, committed 2240K, reserved 1048576K
}
Event: 2.043 GC heap after
{Heap after GC invocations=6 (full 0):
 garbage-first heap   total reserved 8335360K, committed 110592K, used 63246K [0x0000000603400000, 0x0000000800000000)
  region size 4096K, 2 young (8192K), 2 survivors (8192K)
 Metaspace       used 22456K, committed 22720K, reserved 1114112K
  class space    used 2131K, committed 2240K, reserved 1048576K
}

